<?xml version="1.0" encoding="UTF-8"?>
<!-- Generated by org.testng.reporters.JUnitXMLReporter -->
<testsuite hostname="Ravicreed" name="Edge" tests="1" failures="1" timestamp="28 Mar 2020 07:24:51 GMT" time="0.023" errors="0">
  <testcase name="Chapter1" time="0.011" classname="test.StepDefinitions.BookSite">
    <failure type="java.lang.NullPointerException">
      <![CDATA[java.lang.NullPointerException
	at main.core.UI_Module.Get(UI_Module.java:79)
	at main.core.PageObjects.bookstore.Login.Login(Login.java:15)
	at test.StepDefinitions.BookSite.Chapter1(BookSite.java:28)
... Removed 24 stack frames]]>
    </failure>
  </testcase> <!-- Chapter1 -->
</testsuite> <!-- Edge -->
